[ 2014-06-03T17:26:35+08:00 ] ::1 /GPAtest/index.php/Home/Index/index/weixin_key/322121
INFO: [ app_init ] --START--
INFO: Run Behavior\BuildLiteBehavior [ RunTime:0.000151s ]
INFO: [ app_init ] --END-- [ RunTime:0.003823s ]
INFO: [ app_begin ] --START--
INFO: Run Behavior\ReadHtmlCacheBehavior [ RunTime:0.005781s ]
INFO: [ app_begin ] --END-- [ RunTime:0.006148s ]
SQL: SHOW COLUMNS FROM `gpa_user` [ RunTime:0.019085s ]
SQL: SELECT * FROM `gpa_user` WHERE ( `weixin_key` = '322121' ) LIMIT 1   [ RunTime:0.000606s ]

[ 2014-06-03T17:26:35+08:00 ] ::1 /GPAtest/index.php/Home/Account/register/weixin_key/322121.html
INFO: [ app_init ] --START--
INFO: Run Behavior\BuildLiteBehavior [ RunTime:0.000064s ]
INFO: [ app_init ] --END-- [ RunTime:0.001807s ]
INFO: [ app_begin ] --START--
INFO: Run Behavior\ReadHtmlCacheBehavior [ RunTime:0.006015s ]
INFO: [ app_begin ] --END-- [ RunTime:0.006369s ]
ERR: 非法操作:register

[ 2014-06-03T17:29:28+08:00 ] ::1 /GPAtest/index.php/Home/Index/index/weixin_key/322121
INFO: [ app_init ] --START--
INFO: Run Behavior\BuildLiteBehavior [ RunTime:0.000094s ]
INFO: [ app_init ] --END-- [ RunTime:0.002199s ]
INFO: [ app_begin ] --START--
INFO: Run Behavior\ReadHtmlCacheBehavior [ RunTime:0.005574s ]
INFO: [ app_begin ] --END-- [ RunTime:0.005966s ]
SQL: SHOW COLUMNS FROM `gpa_user` [ RunTime:0.013563s ]
SQL: SELECT * FROM `gpa_user` WHERE ( `weixin_key` = '322121' ) LIMIT 1   [ RunTime:0.000948s ]

[ 2014-06-03T17:29:29+08:00 ] ::1 /GPAtest/index.php/Home/Account/index/weixin_key/322121.html
INFO: [ app_init ] --START--
INFO: Run Behavior\BuildLiteBehavior [ RunTime:0.000082s ]
INFO: [ app_init ] --END-- [ RunTime:0.002122s ]
INFO: [ app_begin ] --START--
INFO: Run Behavior\ReadHtmlCacheBehavior [ RunTime:0.004359s ]
INFO: [ app_begin ] --END-- [ RunTime:0.004783s ]
SQL: SHOW COLUMNS FROM `gpa_user` [ RunTime:0.014603s ]
SQL: SELECT * FROM `gpa_user` WHERE ( `weixin_key` = '322121' ) LIMIT 1   [ RunTime:0.000710s ]
INFO: [ view_parse ] --START--
INFO: [ template_filter ] --START--
INFO: Run Behavior\ContentReplaceBehavior [ RunTime:0.000393s ]
INFO: [ template_filter ] --END-- [ RunTime:0.000773s ]
INFO: Run Behavior\ParseTemplateBehavior [ RunTime:0.040429s ]
INFO: [ view_parse ] --END-- [ RunTime:0.040891s ]
INFO: [ view_filter ] --START--
INFO: Run Behavior\WriteHtmlCacheBehavior [ RunTime:0.003705s ]
INFO: [ view_filter ] --END-- [ RunTime:0.004086s ]
INFO: [ app_end ] --START--
INFO: Run Behavior\ShowPageTraceBehavior [ RunTime:0.006477s ]
INFO: [ app_end ] --END-- [ RunTime:0.006813s ]

[ 2014-06-03T17:30:17+08:00 ] ::1 /GPAtest/index.php/Home/Account/index
INFO: [ app_init ] --START--
INFO: Run Behavior\BuildLiteBehavior [ RunTime:0.000078s ]
INFO: [ app_init ] --END-- [ RunTime:0.001636s ]
INFO: [ app_begin ] --START--
INFO: Run Behavior\ReadHtmlCacheBehavior [ RunTime:0.002440s ]
INFO: [ app_begin ] --END-- [ RunTime:0.002784s ]
SQL: SHOW COLUMNS FROM `gpa_user` [ RunTime:0.010904s ]
SQL: INSERT INTO `gpa_user` (`weixin_key`,`account`,`password`) VALUES ('322121','2013141223047',273915) [ RunTime:0.001356s ]

[ 2014-06-03T17:30:40+08:00 ] ::1 /GPAtest/index.php/Home/Account/index
INFO: [ app_init ] --START--
INFO: Run Behavior\BuildLiteBehavior [ RunTime:0.000064s ]
INFO: [ app_init ] --END-- [ RunTime:0.001597s ]
INFO: [ app_begin ] --START--
INFO: Run Behavior\ReadHtmlCacheBehavior [ RunTime:0.003438s ]
INFO: [ app_begin ] --END-- [ RunTime:0.003725s ]
SQL: SHOW COLUMNS FROM `gpa_user` [ RunTime:0.013913s ]
SQL: INSERT INTO `gpa_user` (`weixin_key`,`account`,`password`) VALUES ('322121','2013141223047',11) [ RunTime:0.001100s ]

[ 2014-06-03T17:30:43+08:00 ] ::1 /GPAtest/index.php/Home/Account/index
INFO: [ app_init ] --START--
INFO: Run Behavior\BuildLiteBehavior [ RunTime:0.000069s ]
INFO: [ app_init ] --END-- [ RunTime:0.001606s ]
INFO: [ app_begin ] --START--
INFO: Run Behavior\ReadHtmlCacheBehavior [ RunTime:0.002051s ]
INFO: [ app_begin ] --END-- [ RunTime:0.002368s ]
SQL: SHOW COLUMNS FROM `gpa_user` [ RunTime:0.010033s ]
SQL: INSERT INTO `gpa_user` (`weixin_key`,`account`,`password`) VALUES ('322121','2013141223047',11) [ RunTime:0.000746s ]

[ 2014-06-03T17:42:50+08:00 ] ::1 /GPAtest/index.php/Home/Account/index
INFO: [ app_init ] --START--
INFO: Run Behavior\BuildLiteBehavior [ RunTime:0.000065s ]
INFO: [ app_init ] --END-- [ RunTime:0.002235s ]
INFO: [ app_begin ] --START--
INFO: Run Behavior\ReadHtmlCacheBehavior [ RunTime:0.003582s ]
INFO: [ app_begin ] --END-- [ RunTime:0.003849s ]
ERR: 无法加载控制器:Account

[ 2014-06-03T17:42:57+08:00 ] ::1 /GPAtest/index.php/Home/Account/index/weixin_key/322121.html
INFO: [ app_init ] --START--
INFO: Run Behavior\BuildLiteBehavior [ RunTime:0.000076s ]
INFO: [ app_init ] --END-- [ RunTime:0.002066s ]
INFO: [ app_begin ] --START--
INFO: Run Behavior\ReadHtmlCacheBehavior [ RunTime:0.001934s ]
INFO: [ app_begin ] --END-- [ RunTime:0.002264s ]
ERR: 无法加载控制器:Account

[ 2014-06-03T17:49:38+08:00 ] ::1 /GPAtest/index.php/Home/Index/index/weixin_key/322121
INFO: [ app_init ] --START--
INFO: Run Behavior\BuildLiteBehavior [ RunTime:0.000101s ]
INFO: [ app_init ] --END-- [ RunTime:0.003494s ]
INFO: [ app_begin ] --START--
INFO: Run Behavior\ReadHtmlCacheBehavior [ RunTime:0.002662s ]
INFO: [ app_begin ] --END-- [ RunTime:0.003021s ]
SQL: SHOW COLUMNS FROM `gpa_user` [ RunTime:0.011466s ]
SQL: SELECT * FROM `gpa_user` WHERE ( `user_id` = 3 ) LIMIT 1   [ RunTime:0.001920s ]
NOTIC: [2] Invalid argument supplied for foreach() F:\wamp\www\GPAtest\ThinkPHP\Library\Think\Db.class.php 第 425 行.
SQL: SELECT * FROM `gpa_user` LIMIT 1   [ RunTime:0.000905s ]
NOTIC: [8] Undefined offset: 7 F:\wamp\www\GPAtest\Application\Home\Controller\IndexController.class.php 第 166 行.
NOTIC: [8] Undefined offset: 12 F:\wamp\www\GPAtest\Application\Home\Controller\IndexController.class.php 第 167 行.
INFO: [ view_parse ] --START--
INFO: [ template_filter ] --START--
INFO: Run Behavior\ContentReplaceBehavior [ RunTime:0.000592s ]
INFO: [ template_filter ] --END-- [ RunTime:0.000981s ]
INFO: Run Behavior\ParseTemplateBehavior [ RunTime:0.016775s ]
INFO: [ view_parse ] --END-- [ RunTime:0.017167s ]
INFO: [ view_filter ] --START--
INFO: Run Behavior\WriteHtmlCacheBehavior [ RunTime:0.002504s ]
INFO: [ view_filter ] --END-- [ RunTime:0.002846s ]
INFO: [ app_end ] --START--
INFO: Run Behavior\ShowPageTraceBehavior [ RunTime:0.002834s ]
INFO: [ app_end ] --END-- [ RunTime:0.003174s ]

[ 2014-06-03T17:51:59+08:00 ] ::1 /GPAtest/index.php/Home/Index/index/weixin_key/3qw
INFO: [ app_init ] --START--
INFO: Run Behavior\BuildLiteBehavior [ RunTime:0.000083s ]
INFO: [ app_init ] --END-- [ RunTime:0.003903s ]
INFO: [ app_begin ] --START--
INFO: Run Behavior\ReadHtmlCacheBehavior [ RunTime:0.004891s ]
INFO: [ app_begin ] --END-- [ RunTime:0.005231s ]
SQL: SHOW COLUMNS FROM `gpa_user` [ RunTime:0.019937s ]
SQL: SELECT * FROM `gpa_user` WHERE ( `user_id` = 3 ) LIMIT 1   [ RunTime:0.002863s ]
NOTIC: [2] Invalid argument supplied for foreach() F:\wamp\www\GPAtest\ThinkPHP\Library\Think\Db.class.php 第 425 行.
SQL: SELECT * FROM `gpa_user` LIMIT 1   [ RunTime:0.001160s ]
INFO: [ view_parse ] --START--
INFO: [ template_filter ] --START--
INFO: Run Behavior\ContentReplaceBehavior [ RunTime:0.000141s ]
INFO: [ template_filter ] --END-- [ RunTime:0.000402s ]
INFO: Run Behavior\ParseTemplateBehavior [ RunTime:0.013664s ]
INFO: [ view_parse ] --END-- [ RunTime:0.014005s ]
INFO: [ view_filter ] --START--
INFO: Run Behavior\WriteHtmlCacheBehavior [ RunTime:0.002489s ]
INFO: [ view_filter ] --END-- [ RunTime:0.002747s ]
INFO: [ app_end ] --START--
INFO: Run Behavior\ShowPageTraceBehavior [ RunTime:0.002953s ]
INFO: [ app_end ] --END-- [ RunTime:0.003279s ]

[ 2014-06-03T17:53:22+08:00 ] ::1 /GPAtest/
INFO: [ app_init ] --START--
INFO: Run Behavior\BuildLiteBehavior [ RunTime:0.000089s ]
INFO: [ app_init ] --END-- [ RunTime:0.002995s ]
INFO: [ app_begin ] --START--
INFO: Run Behavior\ReadHtmlCacheBehavior [ RunTime:0.002318s ]
INFO: [ app_begin ] --END-- [ RunTime:0.002660s ]
SQL: SHOW COLUMNS FROM `gpa_user` [ RunTime:0.013444s ]
SQL: SELECT * FROM `gpa_user` WHERE ( `user_id` = 3 ) LIMIT 1   [ RunTime:0.001489s ]
NOTIC: [2] Invalid argument supplied for foreach() F:\wamp\www\GPAtest\ThinkPHP\Library\Think\Db.class.php 第 425 行.
SQL: SELECT * FROM `gpa_user` LIMIT 1   [ RunTime:0.001114s ]
INFO: [ view_parse ] --START--
INFO: [ template_filter ] --START--
INFO: Run Behavior\ContentReplaceBehavior [ RunTime:0.000138s ]
INFO: [ template_filter ] --END-- [ RunTime:0.000435s ]
INFO: Run Behavior\ParseTemplateBehavior [ RunTime:0.010557s ]
INFO: [ view_parse ] --END-- [ RunTime:0.010917s ]
INFO: [ view_filter ] --START--
INFO: Run Behavior\WriteHtmlCacheBehavior [ RunTime:0.001792s ]
INFO: [ view_filter ] --END-- [ RunTime:0.002048s ]
INFO: [ app_end ] --START--
INFO: Run Behavior\ShowPageTraceBehavior [ RunTime:0.002707s ]
INFO: [ app_end ] --END-- [ RunTime:0.003125s ]

[ 2014-06-03T17:55:40+08:00 ] ::1 /GPAtest/
INFO: [ app_init ] --START--
INFO: Run Behavior\BuildLiteBehavior [ RunTime:0.000065s ]
INFO: [ app_init ] --END-- [ RunTime:0.001932s ]
INFO: [ app_begin ] --START--
INFO: Run Behavior\ReadHtmlCacheBehavior [ RunTime:0.003728s ]
INFO: [ app_begin ] --END-- [ RunTime:0.004078s ]
SQL: SHOW COLUMNS FROM `gpa_user` [ RunTime:0.010742s ]
SQL: SELECT * FROM `gpa_user` WHERE ( `user_id` = 3 ) LIMIT 1   [ RunTime:0.000724s ]
NOTIC: [2] Invalid argument supplied for foreach() F:\wamp\www\GPAtest\ThinkPHP\Library\Think\Db.class.php 第 425 行.
SQL: SELECT * FROM `gpa_user` LIMIT 1   [ RunTime:0.001129s ]
INFO: [ view_parse ] --START--
INFO: [ template_filter ] --START--
INFO: Run Behavior\ContentReplaceBehavior [ RunTime:0.000169s ]
INFO: [ template_filter ] --END-- [ RunTime:0.000666s ]
INFO: Run Behavior\ParseTemplateBehavior [ RunTime:0.014759s ]
INFO: [ view_parse ] --END-- [ RunTime:0.015127s ]
INFO: [ view_filter ] --START--
INFO: Run Behavior\WriteHtmlCacheBehavior [ RunTime:0.003584s ]
INFO: [ view_filter ] --END-- [ RunTime:0.003887s ]
INFO: [ app_end ] --START--
INFO: Run Behavior\ShowPageTraceBehavior [ RunTime:0.003206s ]
INFO: [ app_end ] --END-- [ RunTime:0.003530s ]

[ 2014-06-03T17:57:39+08:00 ] ::1 /GPAtest/index.php/Home/Index/index/weixin_key/3qw
INFO: [ app_init ] --START--
INFO: Run Behavior\BuildLiteBehavior [ RunTime:0.000087s ]
INFO: [ app_init ] --END-- [ RunTime:0.003335s ]
INFO: [ app_begin ] --START--
INFO: Run Behavior\ReadHtmlCacheBehavior [ RunTime:0.006229s ]
INFO: [ app_begin ] --END-- [ RunTime:0.006590s ]
SQL: SHOW COLUMNS FROM `gpa_user` [ RunTime:0.011005s ]
SQL: SELECT * FROM `gpa_user` WHERE ( `user_id` = 3 ) LIMIT 1   [ RunTime:0.000940s ]
NOTIC: [2] Invalid argument supplied for foreach() F:\wamp\www\GPAtest\ThinkPHP\Library\Think\Db.class.php 第 425 行.
SQL: SELECT * FROM `gpa_user` LIMIT 1   [ RunTime:0.000763s ]

[ 2014-06-03T17:58:22+08:00 ] ::1 /GPAtest/
INFO: [ app_init ] --START--
INFO: Run Behavior\BuildLiteBehavior [ RunTime:0.000090s ]
INFO: [ app_init ] --END-- [ RunTime:0.002042s ]
INFO: [ app_begin ] --START--
INFO: Run Behavior\ReadHtmlCacheBehavior [ RunTime:0.005290s ]
INFO: [ app_begin ] --END-- [ RunTime:0.005690s ]
SQL: SHOW COLUMNS FROM `gpa_user` [ RunTime:0.014550s ]
SQL: SELECT * FROM `gpa_user` WHERE ( `user_id` = 3 ) LIMIT 1   [ RunTime:0.001486s ]
NOTIC: [2] Invalid argument supplied for foreach() F:\wamp\www\GPAtest\ThinkPHP\Library\Think\Db.class.php 第 425 行.
SQL: SELECT * FROM `gpa_user` LIMIT 1   [ RunTime:0.000972s ]

[ 2014-06-03T18:00:52+08:00 ] ::1 /GPAtest/index.php/Home/Index/index/weixin_key/322121
INFO: [ app_init ] --START--
INFO: Run Behavior\BuildLiteBehavior [ RunTime:0.000076s ]
INFO: [ app_init ] --END-- [ RunTime:0.002404s ]
INFO: [ app_begin ] --START--
INFO: Run Behavior\ReadHtmlCacheBehavior [ RunTime:0.003132s ]
INFO: [ app_begin ] --END-- [ RunTime:0.003550s ]
SQL: SHOW COLUMNS FROM `gpa_user` [ RunTime:0.012788s ]
SQL: SELECT * FROM `gpa_user` WHERE ( `user_id` = 3 ) LIMIT 1   [ RunTime:0.001515s ]
NOTIC: [2] Invalid argument supplied for foreach() F:\wamp\www\GPAtest\ThinkPHP\Library\Think\Db.class.php 第 425 行.
SQL: SELECT * FROM `gpa_user` LIMIT 1   [ RunTime:0.000791s ]

[ 2014-06-03T18:02:36+08:00 ] ::1 /GPAtest/index.php/Home/Index/index/weixin_key/322121
INFO: [ app_init ] --START--
INFO: Run Behavior\BuildLiteBehavior [ RunTime:0.000094s ]
INFO: [ app_init ] --END-- [ RunTime:0.002721s ]
INFO: [ app_begin ] --START--
INFO: Run Behavior\ReadHtmlCacheBehavior [ RunTime:0.004227s ]
INFO: [ app_begin ] --END-- [ RunTime:0.004625s ]
SQL: SHOW COLUMNS FROM `gpa_user` [ RunTime:0.028821s ]
SQL: SELECT * FROM `gpa_user` WHERE ( `user_id` = 3 ) LIMIT 1   [ RunTime:0.001561s ]
NOTIC: [2] Invalid argument supplied for foreach() F:\wamp\www\GPAtest\ThinkPHP\Library\Think\Db.class.php 第 425 行.
SQL: SELECT * FROM `gpa_user` LIMIT 1   [ RunTime:0.000942s ]
NOTIC: [8] Undefined offset: 7 F:\wamp\www\GPAtest\Application\Home\Controller\IndexController.class.php 第 167 行.
NOTIC: [8] Undefined offset: 12 F:\wamp\www\GPAtest\Application\Home\Controller\IndexController.class.php 第 168 行.

[ 2014-06-03T18:03:31+08:00 ] ::1 /GPAtest/index.php/Home/Index/index/weixin_key/322121
INFO: [ app_init ] --START--
INFO: Run Behavior\BuildLiteBehavior [ RunTime:0.000088s ]
INFO: [ app_init ] --END-- [ RunTime:0.002924s ]
INFO: [ app_begin ] --START--
INFO: Run Behavior\ReadHtmlCacheBehavior [ RunTime:0.003378s ]
INFO: [ app_begin ] --END-- [ RunTime:0.003808s ]
SQL: SHOW COLUMNS FROM `gpa_user` [ RunTime:0.075005s ]
SQL: SELECT * FROM `gpa_user` WHERE ( `user_id` = 3 ) LIMIT 1   [ RunTime:0.001199s ]
NOTIC: [2] Invalid argument supplied for foreach() F:\wamp\www\GPAtest\ThinkPHP\Library\Think\Db.class.php 第 425 行.
SQL: SELECT * FROM `gpa_user` LIMIT 1   [ RunTime:0.000737s ]

[ 2014-06-03T18:04:27+08:00 ] ::1 /GPAtest/index.php/Home/Index/index/weixin_key/322121
INFO: [ app_init ] --START--
INFO: Run Behavior\BuildLiteBehavior [ RunTime:0.000142s ]
INFO: [ app_init ] --END-- [ RunTime:0.002128s ]
INFO: [ app_begin ] --START--
INFO: Run Behavior\ReadHtmlCacheBehavior [ RunTime:0.003023s ]
INFO: [ app_begin ] --END-- [ RunTime:0.003387s ]
SQL: SHOW COLUMNS FROM `gpa_user` [ RunTime:0.022400s ]
SQL: SELECT * FROM `gpa_user` WHERE ( `user_id` = 3 ) LIMIT 1   [ RunTime:0.000885s ]
NOTIC: [2] Invalid argument supplied for foreach() F:\wamp\www\GPAtest\ThinkPHP\Library\Think\Db.class.php 第 425 行.
SQL: SELECT * FROM `gpa_user` LIMIT 1   [ RunTime:0.000786s ]

[ 2014-06-03T18:24:51+08:00 ] ::1 /GPAtest/index.php/Home/Index/index/weixin_key/322121
INFO: [ app_init ] --START--
INFO: Run Behavior\BuildLiteBehavior [ RunTime:0.000084s ]
INFO: [ app_init ] --END-- [ RunTime:0.001940s ]
INFO: [ app_begin ] --START--
INFO: Run Behavior\ReadHtmlCacheBehavior [ RunTime:0.006242s ]
INFO: [ app_begin ] --END-- [ RunTime:0.006626s ]
SQL: SHOW COLUMNS FROM `gpa_user` [ RunTime:0.014134s ]
SQL: SELECT * FROM `gpa_user` WHERE ( `user_id` = 3 ) LIMIT 1   [ RunTime:0.000667s ]
NOTIC: [2] Invalid argument supplied for foreach() F:\wamp\www\GPAtest\ThinkPHP\Library\Think\Db.class.php 第 425 行.
SQL: SELECT * FROM `gpa_user` LIMIT 1   [ RunTime:0.000644s ]
NOTIC: [8] Undefined offset: 7 F:\wamp\www\GPAtest\Application\Home\Controller\IndexController.class.php 第 167 行.
NOTIC: [8] Undefined offset: 12 F:\wamp\www\GPAtest\Application\Home\Controller\IndexController.class.php 第 168 行.
INFO: [ view_parse ] --START--
INFO: [ template_filter ] --START--
INFO: Run Behavior\ContentReplaceBehavior [ RunTime:0.000224s ]
INFO: [ template_filter ] --END-- [ RunTime:0.000500s ]
INFO: Run Behavior\ParseTemplateBehavior [ RunTime:0.043530s ]
INFO: [ view_parse ] --END-- [ RunTime:0.044155s ]
INFO: [ view_filter ] --START--
INFO: Run Behavior\WriteHtmlCacheBehavior [ RunTime:0.002918s ]
INFO: [ view_filter ] --END-- [ RunTime:0.003233s ]
INFO: [ app_end ] --START--
INFO: Run Behavior\ShowPageTraceBehavior [ RunTime:0.003113s ]
INFO: [ app_end ] --END-- [ RunTime:0.003381s ]

[ 2014-06-03T18:25:31+08:00 ] ::1 /GPAtest/
INFO: [ app_init ] --START--
INFO: Run Behavior\BuildLiteBehavior [ RunTime:0.000080s ]
INFO: [ app_init ] --END-- [ RunTime:0.002084s ]
INFO: [ app_begin ] --START--
INFO: Run Behavior\ReadHtmlCacheBehavior [ RunTime:0.002643s ]
INFO: [ app_begin ] --END-- [ RunTime:0.002986s ]
SQL: SHOW COLUMNS FROM `gpa_user` [ RunTime:0.015013s ]
SQL: SELECT * FROM `gpa_user` WHERE ( `user_id` = 2 ) LIMIT 1   [ RunTime:0.000712s ]
SQL: SELECT * FROM `gpa_user` WHERE ( 2 ) LIMIT 1   [ RunTime:0.000677s ]
INFO: [ view_parse ] --START--
INFO: [ template_filter ] --START--
INFO: Run Behavior\ContentReplaceBehavior [ RunTime:0.000270s ]
INFO: [ template_filter ] --END-- [ RunTime:0.000639s ]
INFO: Run Behavior\ParseTemplateBehavior [ RunTime:0.036062s ]
INFO: [ view_parse ] --END-- [ RunTime:0.036476s ]
INFO: [ view_filter ] --START--
INFO: Run Behavior\WriteHtmlCacheBehavior [ RunTime:0.002004s ]
INFO: [ view_filter ] --END-- [ RunTime:0.002323s ]
INFO: [ app_end ] --START--
INFO: Run Behavior\ShowPageTraceBehavior [ RunTime:0.003792s ]
INFO: [ app_end ] --END-- [ RunTime:0.004329s ]

[ 2014-06-03T18:26:11+08:00 ] ::1 /GPAtest/
INFO: [ app_init ] --START--
INFO: Run Behavior\BuildLiteBehavior [ RunTime:0.000081s ]
INFO: [ app_init ] --END-- [ RunTime:0.003177s ]
INFO: [ app_begin ] --START--
INFO: Run Behavior\ReadHtmlCacheBehavior [ RunTime:0.002757s ]
INFO: [ app_begin ] --END-- [ RunTime:0.003136s ]
SQL: SHOW COLUMNS FROM `gpa_user` [ RunTime:0.014199s ]
SQL: SELECT * FROM `gpa_user` WHERE ( `user_id` = 2 ) LIMIT 1   [ RunTime:0.001055s ]
SQL: SELECT * FROM `gpa_user` WHERE ( 2 ) LIMIT 1   [ RunTime:0.000856s ]
NOTIC: [8] Undefined offset: 7 F:\wamp\www\GPAtest\Application\Home\Controller\IndexController.class.php 第 167 行.
NOTIC: [8] Undefined offset: 12 F:\wamp\www\GPAtest\Application\Home\Controller\IndexController.class.php 第 168 行.
INFO: [ view_parse ] --START--
INFO: [ template_filter ] --START--
INFO: Run Behavior\ContentReplaceBehavior [ RunTime:0.000239s ]
INFO: [ template_filter ] --END-- [ RunTime:0.000532s ]
INFO: Run Behavior\ParseTemplateBehavior [ RunTime:0.027896s ]
INFO: [ view_parse ] --END-- [ RunTime:0.028245s ]
INFO: [ view_filter ] --START--
INFO: Run Behavior\WriteHtmlCacheBehavior [ RunTime:0.001584s ]
INFO: [ view_filter ] --END-- [ RunTime:0.001868s ]
INFO: [ app_end ] --START--
INFO: Run Behavior\ShowPageTraceBehavior [ RunTime:0.001771s ]
INFO: [ app_end ] --END-- [ RunTime:0.002047s ]

[ 2014-06-03T18:29:03+08:00 ] ::1 /GPAtest/
INFO: [ app_init ] --START--
INFO: Run Behavior\BuildLiteBehavior [ RunTime:0.000067s ]
INFO: [ app_init ] --END-- [ RunTime:0.002106s ]
INFO: [ app_begin ] --START--
INFO: Run Behavior\ReadHtmlCacheBehavior [ RunTime:0.003712s ]
INFO: [ app_begin ] --END-- [ RunTime:0.004024s ]
SQL: SHOW COLUMNS FROM `gpa_user` [ RunTime:0.012313s ]
SQL: SELECT * FROM `gpa_user` WHERE ( `user_id` = 2 ) LIMIT 1   [ RunTime:0.000905s ]
SQL: SELECT * FROM `gpa_user` WHERE ( 2 ) LIMIT 1   [ RunTime:0.001102s ]
NOTIC: [8] Undefined offset: 7 F:\wamp\www\GPAtest\Application\Home\Controller\IndexController.class.php 第 167 行.
NOTIC: [8] Undefined offset: 12 F:\wamp\www\GPAtest\Application\Home\Controller\IndexController.class.php 第 168 行.
INFO: [ view_parse ] --START--
INFO: [ template_filter ] --START--
INFO: Run Behavior\ContentReplaceBehavior [ RunTime:0.000244s ]
INFO: [ template_filter ] --END-- [ RunTime:0.000595s ]
INFO: Run Behavior\ParseTemplateBehavior [ RunTime:0.038844s ]
INFO: [ view_parse ] --END-- [ RunTime:0.039176s ]
INFO: [ view_filter ] --START--
INFO: Run Behavior\WriteHtmlCacheBehavior [ RunTime:0.002472s ]
INFO: [ view_filter ] --END-- [ RunTime:0.002755s ]
INFO: [ app_end ] --START--
INFO: Run Behavior\ShowPageTraceBehavior [ RunTime:0.003958s ]
INFO: [ app_end ] --END-- [ RunTime:0.004267s ]

[ 2014-06-03T18:29:35+08:00 ] ::1 /GPAtest/index.php/Home/Index/index/weixin_key/322121
INFO: [ app_init ] --START--
INFO: Run Behavior\BuildLiteBehavior [ RunTime:0.000075s ]
INFO: [ app_init ] --END-- [ RunTime:0.002783s ]
INFO: [ app_begin ] --START--
INFO: Run Behavior\ReadHtmlCacheBehavior [ RunTime:0.006039s ]
INFO: [ app_begin ] --END-- [ RunTime:0.006430s ]
SQL: SHOW COLUMNS FROM `gpa_user` [ RunTime:0.011024s ]
SQL: SELECT * FROM `gpa_user` WHERE ( `user_id` = 3 ) LIMIT 1   [ RunTime:0.002085s ]
NOTIC: [2] Invalid argument supplied for foreach() F:\wamp\www\GPAtest\ThinkPHP\Library\Think\Db.class.php 第 425 行.
SQL: SELECT * FROM `gpa_user` LIMIT 1   [ RunTime:0.000914s ]
NOTIC: [8] Undefined offset: 7 F:\wamp\www\GPAtest\Application\Home\Controller\IndexController.class.php 第 167 行.
NOTIC: [8] Undefined offset: 12 F:\wamp\www\GPAtest\Application\Home\Controller\IndexController.class.php 第 168 行.
INFO: [ view_parse ] --START--
INFO: [ template_filter ] --START--
INFO: Run Behavior\ContentReplaceBehavior [ RunTime:0.000512s ]
INFO: [ template_filter ] --END-- [ RunTime:0.000975s ]
INFO: Run Behavior\ParseTemplateBehavior [ RunTime:0.039468s ]
INFO: [ view_parse ] --END-- [ RunTime:0.039865s ]
INFO: [ view_filter ] --START--
INFO: Run Behavior\WriteHtmlCacheBehavior [ RunTime:0.002081s ]
INFO: [ view_filter ] --END-- [ RunTime:0.002667s ]
INFO: [ app_end ] --START--
INFO: Run Behavior\ShowPageTraceBehavior [ RunTime:0.004567s ]
INFO: [ app_end ] --END-- [ RunTime:0.005170s ]

[ 2014-06-03T18:29:35+08:00 ] ::1 /GPAtest/index.php/Home/Login/logout
INFO: [ app_init ] --START--
INFO: Run Behavior\BuildLiteBehavior [ RunTime:0.000149s ]
INFO: [ app_init ] --END-- [ RunTime:0.003574s ]
INFO: [ app_begin ] --START--
INFO: Run Behavior\ReadHtmlCacheBehavior [ RunTime:0.002643s ]
INFO: [ app_begin ] --END-- [ RunTime:0.003071s ]
INFO: [ view_parse ] --START--
INFO: [ template_filter ] --START--
INFO: Run Behavior\ContentReplaceBehavior [ RunTime:0.000164s ]
INFO: [ template_filter ] --END-- [ RunTime:0.000433s ]
INFO: Run Behavior\ParseTemplateBehavior [ RunTime:0.038963s ]
INFO: [ view_parse ] --END-- [ RunTime:0.039467s ]
INFO: [ view_filter ] --START--
INFO: Run Behavior\WriteHtmlCacheBehavior [ RunTime:0.004571s ]
INFO: [ view_filter ] --END-- [ RunTime:0.004880s ]
INFO: [ app_end ] --START--
INFO: Run Behavior\ShowPageTraceBehavior [ RunTime:0.007231s ]
INFO: [ app_end ] --END-- [ RunTime:0.008580s ]

[ 2014-06-03T18:29:35+08:00 ] ::1 /GPAtest/index.php/Home/Login/logout
INFO: [ app_init ] --START--
INFO: Run Behavior\BuildLiteBehavior [ RunTime:0.000119s ]
INFO: [ app_init ] --END-- [ RunTime:0.005214s ]
INFO: [ app_begin ] --START--
INFO: Run Behavior\ReadHtmlCacheBehavior [ RunTime:0.019353s ]
INFO: [ app_begin ] --END-- [ RunTime:0.019984s ]
INFO: [ view_parse ] --START--
INFO: [ template_filter ] --START--
INFO: Run Behavior\ContentReplaceBehavior [ RunTime:0.002618s ]
INFO: [ template_filter ] --END-- [ RunTime:0.002961s ]
INFO: Run Behavior\ParseTemplateBehavior [ RunTime:0.048906s ]
INFO: [ view_parse ] --END-- [ RunTime:0.049444s ]
INFO: [ view_filter ] --START--
INFO: Run Behavior\WriteHtmlCacheBehavior [ RunTime:0.001888s ]
INFO: [ view_filter ] --END-- [ RunTime:0.003371s ]
INFO: [ app_end ] --START--
INFO: Run Behavior\ShowPageTraceBehavior [ RunTime:0.003400s ]
INFO: [ app_end ] --END-- [ RunTime:0.003779s ]

[ 2014-06-03T18:29:37+08:00 ] ::1 /GPAtest/index.php/Home/Index/index.html
INFO: [ app_init ] --START--
INFO: Run Behavior\BuildLiteBehavior [ RunTime:0.000082s ]
INFO: [ app_init ] --END-- [ RunTime:0.001800s ]
INFO: [ app_begin ] --START--
INFO: Run Behavior\ReadHtmlCacheBehavior [ RunTime:0.002225s ]
INFO: [ app_begin ] --END-- [ RunTime:0.041720s ]
SQL: SHOW COLUMNS FROM `gpa_user` [ RunTime:0.069746s ]
SQL: SELECT * FROM `gpa_user` WHERE ( `user_id` = null ) LIMIT 1   [ RunTime:0.071699s ]

[ 2014-06-03T18:29:37+08:00 ] ::1 /GPAtest/index.php/Home/Login/index.html
INFO: [ app_init ] --START--
INFO: Run Behavior\BuildLiteBehavior [ RunTime:0.000078s ]
INFO: [ app_init ] --END-- [ RunTime:0.002718s ]
INFO: [ app_begin ] --START--
INFO: Run Behavior\ReadHtmlCacheBehavior [ RunTime:0.003026s ]
INFO: [ app_begin ] --END-- [ RunTime:0.024258s ]
INFO: [ app_end ] --START--
INFO: Run Behavior\ShowPageTraceBehavior [ RunTime:0.013249s ]
INFO: [ app_end ] --END-- [ RunTime:0.013785s ]

[ 2014-06-03T18:29:47+08:00 ] ::1 /GPAtest/index.php/Home/Login/index.html
INFO: [ app_init ] --START--
INFO: Run Behavior\BuildLiteBehavior [ RunTime:0.000082s ]
INFO: [ app_init ] --END-- [ RunTime:0.002536s ]
INFO: [ app_begin ] --START--
INFO: Run Behavior\ReadHtmlCacheBehavior [ RunTime:0.005909s ]
INFO: [ app_begin ] --END-- [ RunTime:0.006318s ]
INFO: [ app_end ] --START--
INFO: Run Behavior\ShowPageTraceBehavior [ RunTime:0.005637s ]
INFO: [ app_end ] --END-- [ RunTime:0.006015s ]

[ 2014-06-03T18:30:03+08:00 ] ::1 /GPAtest/index.php/Home/Index/index/weixin_key/jiang
INFO: [ app_init ] --START--
INFO: Run Behavior\BuildLiteBehavior [ RunTime:0.000068s ]
INFO: [ app_init ] --END-- [ RunTime:0.002381s ]
INFO: [ app_begin ] --START--
INFO: Run Behavior\ReadHtmlCacheBehavior [ RunTime:0.003314s ]
INFO: [ app_begin ] --END-- [ RunTime:0.003678s ]
SQL: SHOW COLUMNS FROM `gpa_user` [ RunTime:0.013175s ]
SQL: SELECT * FROM `gpa_user` WHERE ( `weixin_key` = 'jiang' ) LIMIT 1   [ RunTime:0.000987s ]

[ 2014-06-03T18:30:03+08:00 ] ::1 /GPAtest/index.php/Home/Login/index/weixin_key/jiang.html
INFO: [ app_init ] --START--
INFO: Run Behavior\BuildLiteBehavior [ RunTime:0.000074s ]
INFO: [ app_init ] --END-- [ RunTime:0.001913s ]
INFO: [ app_begin ] --START--
INFO: Run Behavior\ReadHtmlCacheBehavior [ RunTime:0.001778s ]
INFO: [ app_begin ] --END-- [ RunTime:0.002082s ]
SQL: SHOW COLUMNS FROM `gpa_user` [ RunTime:0.015773s ]
SQL: SELECT * FROM `gpa_user` WHERE ( `weixin_key` = 'jiang' ) LIMIT 1   [ RunTime:0.000694s ]
INFO: [ view_parse ] --START--
INFO: [ template_filter ] --START--
INFO: Run Behavior\ContentReplaceBehavior [ RunTime:0.000310s ]
INFO: [ template_filter ] --END-- [ RunTime:0.000586s ]
INFO: Run Behavior\ParseTemplateBehavior [ RunTime:0.029446s ]
INFO: [ view_parse ] --END-- [ RunTime:0.029842s ]
INFO: [ view_filter ] --START--
INFO: Run Behavior\WriteHtmlCacheBehavior [ RunTime:0.001050s ]
INFO: [ view_filter ] --END-- [ RunTime:0.001359s ]
INFO: [ app_end ] --START--
INFO: Run Behavior\ShowPageTraceBehavior [ RunTime:0.002519s ]
INFO: [ app_end ] --END-- [ RunTime:0.002834s ]

[ 2014-06-03T18:30:16+08:00 ] ::1 /GPAtest/
INFO: [ app_init ] --START--
INFO: Run Behavior\BuildLiteBehavior [ RunTime:0.000085s ]
INFO: [ app_init ] --END-- [ RunTime:0.004404s ]
INFO: [ app_begin ] --START--
INFO: Run Behavior\ReadHtmlCacheBehavior [ RunTime:0.004339s ]
INFO: [ app_begin ] --END-- [ RunTime:0.004755s ]
SQL: SHOW COLUMNS FROM `gpa_user` [ RunTime:0.018430s ]
SQL: SELECT * FROM `gpa_user` WHERE ( `user_id` = 2 ) LIMIT 1   [ RunTime:0.000965s ]
SQL: SELECT * FROM `gpa_user` WHERE ( 2 ) LIMIT 1   [ RunTime:0.000830s ]
INFO: [ view_parse ] --START--
INFO: [ template_filter ] --START--
INFO: Run Behavior\ContentReplaceBehavior [ RunTime:0.000229s ]
INFO: [ template_filter ] --END-- [ RunTime:0.000532s ]
INFO: Run Behavior\ParseTemplateBehavior [ RunTime:0.036368s ]
INFO: [ view_parse ] --END-- [ RunTime:0.036722s ]
INFO: [ view_filter ] --START--
INFO: Run Behavior\WriteHtmlCacheBehavior [ RunTime:0.002738s ]
INFO: [ view_filter ] --END-- [ RunTime:0.003006s ]
INFO: [ app_end ] --START--
INFO: Run Behavior\ShowPageTraceBehavior [ RunTime:0.003290s ]
INFO: [ app_end ] --END-- [ RunTime:0.003583s ]

[ 2014-06-03T18:30:28+08:00 ] ::1 /GPAtest/index.php/Home/Login/index
INFO: [ app_init ] --START--
INFO: Run Behavior\BuildLiteBehavior [ RunTime:0.000077s ]
INFO: [ app_init ] --END-- [ RunTime:0.002006s ]
INFO: [ app_begin ] --START--
INFO: Run Behavior\ReadHtmlCacheBehavior [ RunTime:0.003630s ]
INFO: [ app_begin ] --END-- [ RunTime:0.003916s ]
SQL: SHOW COLUMNS FROM `gpa_user` [ RunTime:0.011777s ]
SQL: INSERT INTO `gpa_user` (`weixin_key`,`account`,`password`) VALUES ('jiang','2012141442029',13991) [ RunTime:0.001154s ]

[ 2014-06-03T18:30:31+08:00 ] ::1 /GPAtest/index.php/Home/Login/index
INFO: [ app_init ] --START--
INFO: Run Behavior\BuildLiteBehavior [ RunTime:0.000075s ]
INFO: [ app_init ] --END-- [ RunTime:0.002066s ]
INFO: [ app_begin ] --START--
INFO: Run Behavior\ReadHtmlCacheBehavior [ RunTime:0.003379s ]
INFO: [ app_begin ] --END-- [ RunTime:0.003638s ]
SQL: SHOW COLUMNS FROM `gpa_user` [ RunTime:0.010146s ]
SQL: INSERT INTO `gpa_user` (`weixin_key`,`account`,`password`) VALUES ('jiang','2012141442029',13991) [ RunTime:0.000791s ]

[ 2014-06-03T18:30:42+08:00 ] ::1 /GPAtest/index.php/Home/Login/index
INFO: [ app_init ] --START--
INFO: Run Behavior\BuildLiteBehavior [ RunTime:0.000088s ]
INFO: [ app_init ] --END-- [ RunTime:0.002140s ]
INFO: [ app_begin ] --START--
INFO: Run Behavior\ReadHtmlCacheBehavior [ RunTime:0.003229s ]
INFO: [ app_begin ] --END-- [ RunTime:0.003525s ]
SQL: SHOW COLUMNS FROM `gpa_user` [ RunTime:0.010184s ]
SQL: INSERT INTO `gpa_user` (`weixin_key`,`account`,`password`) VALUES ('jiang','2012141442029',13991) [ RunTime:0.000794s ]

[ 2014-06-03T18:30:45+08:00 ] ::1 /GPAtest/index.php/Home/Login/index
INFO: [ app_init ] --START--
INFO: Run Behavior\BuildLiteBehavior [ RunTime:0.000090s ]
INFO: [ app_init ] --END-- [ RunTime:0.001805s ]
INFO: [ app_begin ] --START--
INFO: Run Behavior\ReadHtmlCacheBehavior [ RunTime:0.005268s ]
INFO: [ app_begin ] --END-- [ RunTime:0.005592s ]
SQL: SHOW COLUMNS FROM `gpa_user` [ RunTime:0.010534s ]
SQL: INSERT INTO `gpa_user` (`weixin_key`,`account`,`password`) VALUES ('jiang','2012141442029',13991) [ RunTime:0.000758s ]

[ 2014-06-03T18:30:58+08:00 ] ::1 /GPAtest/index.php/Home/Login/index
INFO: [ app_init ] --START--
INFO: Run Behavior\BuildLiteBehavior [ RunTime:0.000074s ]
INFO: [ app_init ] --END-- [ RunTime:0.001719s ]
INFO: [ app_begin ] --START--
INFO: Run Behavior\ReadHtmlCacheBehavior [ RunTime:0.003075s ]
INFO: [ app_begin ] --END-- [ RunTime:0.003338s ]
SQL: SHOW COLUMNS FROM `gpa_user` [ RunTime:0.010585s ]
SQL: INSERT INTO `gpa_user` (`weixin_key`,`account`,`password`) VALUES ('jiang','2013141223047',273915) [ RunTime:0.000880s ]

[ 2014-06-03T18:31:33+08:00 ] ::1 /GPAtest/index.php/Home/Login/index/weixin_key/jiang.html
INFO: [ app_init ] --START--
INFO: Run Behavior\BuildLiteBehavior [ RunTime:0.000109s ]
INFO: [ app_init ] --END-- [ RunTime:0.001907s ]
INFO: [ app_begin ] --START--
INFO: Run Behavior\ReadHtmlCacheBehavior [ RunTime:0.003086s ]
INFO: [ app_begin ] --END-- [ RunTime:0.003457s ]
SQL: SHOW COLUMNS FROM `gpa_user` [ RunTime:0.013246s ]
SQL: SELECT * FROM `gpa_user` WHERE ( `weixin_key` = 'jiang' ) LIMIT 1   [ RunTime:0.000976s ]

[ 2014-06-03T18:32:55+08:00 ] ::1 /GPAtest/index.php/Home/Index/index.html
INFO: [ app_init ] --START--
INFO: Run Behavior\BuildLiteBehavior [ RunTime:0.000075s ]
INFO: [ app_init ] --END-- [ RunTime:0.001633s ]
INFO: [ app_begin ] --START--
INFO: Run Behavior\ReadHtmlCacheBehavior [ RunTime:0.012544s ]
INFO: [ app_begin ] --END-- [ RunTime:0.014818s ]
SQL: SHOW COLUMNS FROM `gpa_user` [ RunTime:0.011217s ]
SQL: SELECT * FROM `gpa_user` WHERE ( `user_id` = 8 ) LIMIT 1   [ RunTime:0.000787s ]
NOTIC: [2] Invalid argument supplied for foreach() F:\wamp\www\GPAtest\ThinkPHP\Library\Think\Db.class.php 第 425 行.
SQL: SELECT * FROM `gpa_user` LIMIT 1   [ RunTime:0.000758s ]
INFO: [ view_parse ] --START--
INFO: [ template_filter ] --START--
INFO: Run Behavior\ContentReplaceBehavior [ RunTime:0.000256s ]
INFO: [ template_filter ] --END-- [ RunTime:0.001063s ]
INFO: Run Behavior\ParseTemplateBehavior [ RunTime:0.039917s ]
INFO: [ view_parse ] --END-- [ RunTime:0.040320s ]
INFO: [ view_filter ] --START--
INFO: Run Behavior\WriteHtmlCacheBehavior [ RunTime:0.003219s ]
INFO: [ view_filter ] --END-- [ RunTime:0.003546s ]
INFO: [ app_end ] --START--
INFO: Run Behavior\ShowPageTraceBehavior [ RunTime:0.006071s ]
INFO: [ app_end ] --END-- [ RunTime:0.006389s ]

[ 2014-06-03T18:33:43+08:00 ] ::1 /GPAtest/index.php/Home/Index/index.html
INFO: [ app_init ] --START--
INFO: Run Behavior\BuildLiteBehavior [ RunTime:0.000091s ]
INFO: [ app_init ] --END-- [ RunTime:0.003868s ]
INFO: [ app_begin ] --START--
INFO: Run Behavior\ReadHtmlCacheBehavior [ RunTime:0.004597s ]
INFO: [ app_begin ] --END-- [ RunTime:0.004989s ]
SQL: SHOW COLUMNS FROM `gpa_user` [ RunTime:0.013426s ]
SQL: SELECT * FROM `gpa_user` WHERE ( `user_id` = 8 ) LIMIT 1   [ RunTime:0.000785s ]
NOTIC: [2] Invalid argument supplied for foreach() F:\wamp\www\GPAtest\ThinkPHP\Library\Think\Db.class.php 第 425 行.
SQL: SELECT * FROM `gpa_user` LIMIT 1   [ RunTime:0.000785s ]
INFO: [ view_parse ] --START--
INFO: [ template_filter ] --START--
INFO: Run Behavior\ContentReplaceBehavior [ RunTime:0.000287s ]
INFO: [ template_filter ] --END-- [ RunTime:0.000628s ]
INFO: Run Behavior\ParseTemplateBehavior [ RunTime:0.033151s ]
INFO: [ view_parse ] --END-- [ RunTime:0.033600s ]
INFO: [ view_filter ] --START--
INFO: Run Behavior\WriteHtmlCacheBehavior [ RunTime:0.002288s ]
INFO: [ view_filter ] --END-- [ RunTime:0.002795s ]
INFO: [ app_end ] --START--
INFO: Run Behavior\ShowPageTraceBehavior [ RunTime:0.003275s ]
INFO: [ app_end ] --END-- [ RunTime:0.003639s ]

[ 2014-06-03T18:34:43+08:00 ] ::1 /GPAtest/index.php/Home/Index/index/weixin_key/322121
INFO: [ app_init ] --START--
INFO: Run Behavior\BuildLiteBehavior [ RunTime:0.000095s ]
INFO: [ app_init ] --END-- [ RunTime:0.002786s ]
INFO: [ app_begin ] --START--
INFO: Run Behavior\ReadHtmlCacheBehavior [ RunTime:0.004088s ]
INFO: [ app_begin ] --END-- [ RunTime:0.004472s ]
SQL: SHOW COLUMNS FROM `gpa_user` [ RunTime:0.014794s ]
SQL: SELECT * FROM `gpa_user` WHERE ( `user_id` = 8 ) LIMIT 1   [ RunTime:0.000800s ]
NOTIC: [2] Invalid argument supplied for foreach() F:\wamp\www\GPAtest\ThinkPHP\Library\Think\Db.class.php 第 425 行.
SQL: SELECT * FROM `gpa_user` LIMIT 1   [ RunTime:0.001381s ]
INFO: [ view_parse ] --START--
INFO: [ template_filter ] --START--
INFO: Run Behavior\ContentReplaceBehavior [ RunTime:0.000234s ]
INFO: [ template_filter ] --END-- [ RunTime:0.000528s ]
INFO: Run Behavior\ParseTemplateBehavior [ RunTime:0.025080s ]
INFO: [ view_parse ] --END-- [ RunTime:0.025416s ]
INFO: [ view_filter ] --START--
INFO: Run Behavior\WriteHtmlCacheBehavior [ RunTime:0.001490s ]
INFO: [ view_filter ] --END-- [ RunTime:0.002234s ]
INFO: [ app_end ] --START--
INFO: Run Behavior\ShowPageTraceBehavior [ RunTime:0.003133s ]
INFO: [ app_end ] --END-- [ RunTime:0.003497s ]

