[ 2014-06-01T22:18:32+08:00 ] ::1 /GPAtest/GPAtest/
INFO: [ app_init ] --START--
INFO: Run Behavior\BuildLiteBehavior [ RunTime:0.000099s ]
INFO: [ app_init ] --END-- [ RunTime:0.052833s ]
INFO: [ app_begin ] --START--
INFO: Run Behavior\ReadHtmlCacheBehavior [ RunTime:0.004256s ]
INFO: [ app_begin ] --END-- [ RunTime:0.004723s ]

[ 2014-06-01T22:19:30+08:00 ] ::1 /GPAtest/GPAtest/index.php/Home/Index/index/weixin_key/3221
INFO: [ app_init ] --START--
INFO: Run Behavior\BuildLiteBehavior [ RunTime:0.000068s ]
INFO: [ app_init ] --END-- [ RunTime:0.002631s ]
INFO: [ app_begin ] --START--
INFO: Run Behavior\ReadHtmlCacheBehavior [ RunTime:0.004794s ]
INFO: [ app_begin ] --END-- [ RunTime:0.005149s ]
NOTIC: [8] Undefined variable: wyeixin_ke F:\wamp\www\GPAtest\GPAtest\Application\Home\Controller\BaseController.class.php 第 29 行.
SQL: SHOW COLUMNS FROM `gpa_user` [ RunTime:0.422100s ]
SQL: SELECT * FROM `gpa_user` WHERE ( `weixin_key` = null ) LIMIT 1   [ RunTime:0.026183s ]

[ 2014-06-01T22:19:31+08:00 ] ::1 /GPAtest/GPAtest/index.php/Home/Account/index/weixin_key/3221.html
INFO: [ app_init ] --START--
INFO: Run Behavior\BuildLiteBehavior [ RunTime:0.000088s ]
INFO: [ app_init ] --END-- [ RunTime:0.003071s ]
INFO: [ app_begin ] --START--
INFO: Run Behavior\ReadHtmlCacheBehavior [ RunTime:0.019134s ]
INFO: [ app_begin ] --END-- [ RunTime:0.020619s ]
SQL: SHOW COLUMNS FROM `gpa_user` [ RunTime:0.024962s ]
SQL: SELECT * FROM `gpa_user` WHERE ( `weixin_key` = '3221' ) LIMIT 1   [ RunTime:0.025603s ]
INFO: [ view_parse ] --START--
INFO: [ template_filter ] --START--
INFO: Run Behavior\ContentReplaceBehavior [ RunTime:0.000391s ]
INFO: [ template_filter ] --END-- [ RunTime:0.000801s ]
INFO: Run Behavior\ParseTemplateBehavior [ RunTime:0.091932s ]
INFO: [ view_parse ] --END-- [ RunTime:0.092405s ]
INFO: [ view_filter ] --START--
INFO: Run Behavior\WriteHtmlCacheBehavior [ RunTime:0.019072s ]
INFO: [ view_filter ] --END-- [ RunTime:0.019579s ]
INFO: [ app_end ] --START--
INFO: Run Behavior\ShowPageTraceBehavior [ RunTime:0.011182s ]
INFO: [ app_end ] --END-- [ RunTime:0.011612s ]

